<?xml version="1.0" encoding="UTF-8"?>
<!-- Generated by org.testng.reporters.JUnitXMLReporter -->
<testsuite ignored="0" hostname="DESKTOP-OMVRQ0A" failures="0" tests="10" name="Patch" time="9.315" errors="0" timestamp="2023-10-16T12:27:19 IST">
  <testcase classname="Auth.GenerateOtp" name="postGenOtp" time="3.29"/>
  <testcase classname="Auth.GenerateOtp" name="postGenOtp" time="0.141"/>
  <testcase classname="Auth.GenerateOtp" name="postGenOtp" time="0.132"/>
  <testcase classname="Auth.GenerateOtp" name="postGenOtp" time="0.411"/>
  <testcase classname="Auth.ValidateOtp" name="postValOtp" time="0.223"/>
  <testcase classname="AddCase.CreateCase" name="postCase" time="0.166"/>
  <testcase classname="AddCase.CreateCase" name="postCase" time="0.135"/>
  <testcase classname="AddCase.CreateCase" name="postCase" time="0.142"/>
  <testcase classname="AddCase.CreateCase" name="postCase" time="0.158"/>
  <testcase classname="AddCase.CreateCase" name="postCase" time="0.152"/>
</testsuite> <!-- Patch -->
