<?xml version="1.0" encoding="UTF-8"?>
<!-- Generated by org.testng.reporters.JUnitXMLReporter -->
<testsuite ignored="0" hostname="DESKTOP-OMVRQ0A" failures="0" tests="20" name="Authnticate" time="9.591" errors="0" timestamp="2023-09-08T16:30:59 IST">
  <testcase classname="Auth.GenerateOtp" name="postGenOtp" time="4.012"/>
  <testcase classname="Auth.GenerateOtp" name="postGenOtp" time="0.108"/>
  <testcase classname="Auth.GenerateOtp" name="postGenOtp" time="0.069"/>
  <testcase classname="Auth.GenerateOtp" name="postGenOtp" time="0.448"/>
  <testcase classname="Auth.ValidateOtp" name="postValOtp" time="0.968"/>
  <testcase classname="Auth.ValidateOtp" name="postValOtp" time="0.287"/>
  <testcase classname="Master.DraftCase" name="getDraftCase" time="0.199"/>
  <testcase classname="Master.States" name="getState" time="0.147"/>
  <testcase classname="Master.UserFarm" name="getUser_farm" time="0.139"/>
  <testcase classname="Master.Warehouses" name="getWarehouse" time="0.156"/>
  <testcase classname="Master.SearchCommodity" name="getSearch_commodity" time="0.153"/>
  <testcase classname="Master.SearchVariety" name="getSearch_variety" time="0.108"/>
  <testcase classname="Master.Prices" name="getPrices" time="0.162"/>
  <testcase classname="Master.UserCompany" name="getUserCompany" time="0.11"/>
  <testcase classname="Master.SearchBuyer" name="getSearchBuyer" time="0.091"/>
  <testcase classname="Master.UserBank" name="getUserBank" time="0.083"/>
  <testcase classname="Master.SearchIFSC" name="getSearchIFSC" time="0.081"/>
  <testcase classname="Master.WidgetStructure" name="getWidgetStructure" time="0.115"/>
  <testcase classname="Master.WidgetStructure" name="getWidgetStructure" time="0.091"/>
  <testcase classname="Master.WidgetStructure" name="getWidgetStructure" time="0.077"/>
</testsuite> <!-- Authnticate -->
