<?xml version="1.0" encoding="UTF-8"?>
<!-- Generated by org.testng.reporters.JUnitXMLReporter -->
<testsuite ignored="0" hostname="DESKTOP-OMVRQ0A" failures="0" tests="10" name="Get" time="7.799" errors="0" timestamp="2023-10-09T11:09:34 IST">
  <testcase classname="Auth.GenerateOtp" name="postGenOtp" time="2.521"/>
  <testcase classname="Auth.GenerateOtp" name="postGenOtp" time="0.146"/>
  <testcase classname="Auth.GenerateOtp" name="postGenOtp" time="0.125"/>
  <testcase classname="Auth.GenerateOtp" name="postGenOtp" time="0.416"/>
  <testcase classname="Auth.ValidateOtp" name="postValOtp" time="0.202"/>
  <testcase classname="Master.WidgetStructure" name="getWidgetStructure" time="0.165"/>
  <testcase classname="Master.WidgetStructure" name="getWidgetStructure" time="0.159"/>
  <testcase classname="Master.WidgetStructure" name="getWidgetStructure" time="0.112"/>
  <testcase classname="Master.WidgetStructure" name="getWidgetStructure" time="0.125"/>
  <testcase classname="Master.WidgetStructure" name="getWidgetStructure" time="0.125"/>
</testsuite> <!-- Get -->
